# JRE version: OpenJDK Runtime Environment (24.0+36) (build 24+36-3646)
# Java VM: OpenJDK 64-Bit Server VM (24+36-3646, mixed mode, emulated-client, sharing, tiered, compressed oops, compressed class ptrs, g1 gc, windows-amd64)
GC Precious Log:
 CardTable entry size: 512
 Card Set container configuration: InlinePtr #cards 4 size 8 Array Of Cards #cards 32 size 80 Howl #buckets 8 coarsen threshold 7372 Howl Bitmap #cards 1024 size 144 coarsen threshold 921 Card regions per heap region 1 cards per card region 8192
 CPUs: 8 total, 8 available
 Memory: 32368M
 Large Page Support: Disabled
 NUMA Support: Disabled
 Compressed Oops: Enabled (Zero based)
 Heap Region Size: 4M
 Heap Min Capacity: 8M
 Heap Initial Capacity: 508M
 Heap Max Capacity: 8096M
 Pre-touch: Disabled
 Parallel Workers: 8
 Concurrent Workers: 2
 Concurrent Refinement Workers: 8
 Periodic GC: Disabled
Heap:
 garbage-first heap   total reserved 8290304K, committed 98304K, used 60506K [0x0000000606000000, 0x0000000800000000)
  region size 4096K, 11 young (45056K), 2 survivors (8192K)
 Metaspace       used 69013K, committed 69568K, reserved 1114112K
  class space    used 7507K, committed 7744K, reserved 1048576K
GC Heap History (20 events):
Event: 1.899 GC heap before
{Heap before GC invocations=1 (full 0):
 garbage-first heap   total reserved 8290304K, committed 524288K, used 37109K [0x0000000606000000, 0x0000000800000000)
  region size 4096K, 10 young (40960K), 2 survivors (8192K)
 Metaspace       used 21335K, committed 21504K, reserved 1114112K
  class space    used 2048K, committed 2112K, reserved 1048576K
}
Event: 1.905 GC heap after
{Heap after GC invocations=2 (full 0):
 garbage-first heap   total reserved 8290304K, committed 524288K, used 10892K [0x0000000606000000, 0x0000000800000000)
  region size 4096K, 3 young (12288K), 3 survivors (12288K)
 Metaspace       used 21335K, committed 21504K, reserved 1114112K
  class space    used 2048K, committed 2112K, reserved 1048576K
}
Event: 2.313 GC heap before
{Heap before GC invocations=3 (full 0):
 garbage-first heap   total reserved 8290304K, committed 57344K, used 51852K [0x0000000606000000, 0x0000000800000000)
  region size 4096K, 13 young (53248K), 3 survivors (12288K)
 Metaspace       used 25332K, committed 25600K, reserved 1114112K
  class space    used 2501K, committed 2624K, reserved 1048576K
}
Event: 2.320 GC heap after
{Heap after GC invocations=4 (full 0):
 garbage-first heap   total reserved 8290304K, committed 69632K, used 13303K [0x0000000606000000, 0x0000000800000000)
  region size 4096K, 3 young (12288K), 3 survivors (12288K)
 Metaspace       used 25332K, committed 25600K, reserved 1114112K
  class space    used 2501K, committed 2624K, reserved 1048576K
}
Event: 2.640 GC heap before
{Heap before GC invocations=4 (full 0):
 garbage-first heap   total reserved 8290304K, committed 69632K, used 41975K [0x0000000606000000, 0x0000000800000000)
  region size 4096K, 10 young (40960K), 3 survivors (12288K)
 Metaspace       used 28248K, committed 28544K, reserved 1114112K
  class space    used 2858K, committed 3008K, reserved 1048576K
}
Event: 2.655 GC heap after
{Heap after GC invocations=5 (full 0):
 garbage-first heap   total reserved 8290304K, committed 69632K, used 14092K [0x0000000606000000, 0x0000000800000000)
  region size 4096K, 2 young (8192K), 2 survivors (8192K)
 Metaspace       used 28248K, committed 28544K, reserved 1114112K
  class space    used 2858K, committed 3008K, reserved 1048576K
}
Event: 3.105 GC heap before
{Heap before GC invocations=5 (full 0):
 garbage-first heap   total reserved 8290304K, committed 69632K, used 46860K [0x0000000606000000, 0x0000000800000000)
  region size 4096K, 10 young (40960K), 2 survivors (8192K)
 Metaspace       used 32839K, committed 33216K, reserved 1114112K
  class space    used 3421K, committed 3584K, reserved 1048576K
}
Event: 3.117 GC heap after
{Heap after GC invocations=6 (full 0):
 garbage-first heap   total reserved 8290304K, committed 69632K, used 17508K [0x0000000606000000, 0x0000000800000000)
  region size 4096K, 2 young (8192K), 2 survivors (8192K)
 Metaspace       used 32839K, committed 33216K, reserved 1114112K
  class space    used 3421K, committed 3584K, reserved 1048576K
}
Event: 3.265 GC heap before
{Heap before GC invocations=6 (full 0):
 garbage-first heap   total reserved 8290304K, committed 69632K, used 25700K [0x0000000606000000, 0x0000000800000000)
  region size 4096K, 5 young (20480K), 2 survivors (8192K)
 Metaspace       used 35709K, committed 36096K, reserved 1114112K
  class space    used 3670K, committed 3840K, reserved 1048576K
}
Event: 3.276 GC heap after
{Heap after GC invocations=7 (full 0):
 garbage-first heap   total reserved 8290304K, committed 69632K, used 18006K [0x0000000606000000, 0x0000000800000000)
  region size 4096K, 2 young (8192K), 2 survivors (8192K)
 Metaspace       used 35709K, committed 36096K, reserved 1114112K
  class space    used 3670K, committed 3840K, reserved 1048576K
}
Event: 3.773 GC heap before
{Heap before GC invocations=8 (full 0):
 garbage-first heap   total reserved 8290304K, committed 69632K, used 46678K [0x0000000606000000, 0x0000000800000000)
  region size 4096K, 10 young (40960K), 2 survivors (8192K)
 Metaspace       used 43045K, committed 43456K, reserved 1114112K
  class space    used 4463K, committed 4608K, reserved 1048576K
}
Event: 3.777 GC heap after
{Heap after GC invocations=9 (full 0):
 garbage-first heap   total reserved 8290304K, committed 69632K, used 19883K [0x0000000606000000, 0x0000000800000000)
  region size 4096K, 1 young (4096K), 1 survivors (4096K)
 Metaspace       used 43045K, committed 43456K, reserved 1114112K
  class space    used 4463K, committed 4608K, reserved 1048576K
}
Event: 4.248 GC heap before
{Heap before GC invocations=9 (full 0):
 garbage-first heap   total reserved 8290304K, committed 69632K, used 48555K [0x0000000606000000, 0x0000000800000000)
  region size 4096K, 9 young (36864K), 1 survivors (4096K)
 Metaspace       used 51366K, committed 51776K, reserved 1114112K
  class space    used 5333K, committed 5504K, reserved 1048576K
}
Event: 4.252 GC heap after
{Heap after GC invocations=10 (full 0):
 garbage-first heap   total reserved 8290304K, committed 69632K, used 22205K [0x0000000606000000, 0x0000000800000000)
  region size 4096K, 2 young (8192K), 2 survivors (8192K)
 Metaspace       used 51366K, committed 51776K, reserved 1114112K
  class space    used 5333K, committed 5504K, reserved 1048576K
}
Event: 4.720 GC heap before
{Heap before GC invocations=10 (full 0):
 garbage-first heap   total reserved 8290304K, committed 69632K, used 50877K [0x0000000606000000, 0x0000000800000000)
  region size 4096K, 9 young (36864K), 2 survivors (8192K)
 Metaspace       used 57994K, committed 58560K, reserved 1114112K
  class space    used 6100K, committed 6336K, reserved 1048576K
}
Event: 4.725 GC heap after
{Heap after GC invocations=11 (full 0):
 garbage-first heap   total reserved 8290304K, committed 69632K, used 23867K [0x0000000606000000, 0x0000000800000000)
  region size 4096K, 2 young (8192K), 2 survivors (8192K)
 Metaspace       used 57994K, committed 58560K, reserved 1114112K
  class space    used 6100K, committed 6336K, reserved 1048576K
}
Event: 4.877 GC heap before
{Heap before GC invocations=11 (full 0):
 garbage-first heap   total reserved 8290304K, committed 69632K, used 32059K [0x0000000606000000, 0x0000000800000000)
  region size 4096K, 5 young (20480K), 2 survivors (8192K)
 Metaspace       used 59990K, committed 60480K, reserved 1114112K
  class space    used 6310K, committed 6528K, reserved 1048576K
}
Event: 4.881 GC heap after
{Heap after GC invocations=12 (full 0):
 garbage-first heap   total reserved 8290304K, committed 294912K, used 24371K [0x0000000606000000, 0x0000000800000000)
  region size 4096K, 2 young (8192K), 2 survivors (8192K)
 Metaspace       used 59990K, committed 60480K, reserved 1114112K
  class space    used 6310K, committed 6528K, reserved 1048576K
}
Event: 13.184 GC heap before
{Heap before GC invocations=13 (full 0):
 garbage-first heap   total reserved 8290304K, committed 98304K, used 73523K [0x0000000606000000, 0x0000000800000000)
  region size 4096K, 14 young (57344K), 2 survivors (8192K)
 Metaspace       used 65070K, committed 65600K, reserved 1114112K
  class space    used 6977K, committed 7168K, reserved 1048576K
}
Event: 13.191 GC heap after
{Heap after GC invocations=14 (full 0):
 garbage-first heap   total reserved 8290304K, committed 98304K, used 27738K [0x0000000606000000, 0x0000000800000000)
  region size 4096K, 2 young (8192K), 2 survivors (8192K)
 Metaspace       used 65070K, committed 65600K, reserved 1114112K
  class space    used 6977K, committed 7168K, reserved 1048576K
}

